c:\users\sekikazu\documents\visual studio 2017\projects\modelviewer\temp\directxtex\debug\directxtex.pch
c:\users\sekikazu\documents\visual studio 2017\projects\modelviewer\temp\directxtex\debug\directxtex.pdb
c:\users\sekikazu\documents\visual studio 2017\projects\modelviewer\temp\directxtex\debug\directxtexutil.obj
c:\users\sekikazu\documents\visual studio 2017\projects\modelviewer\temp\directxtex\debug\directxtexwic.obj
c:\users\sekikazu\documents\visual studio 2017\projects\modelviewer\temp\directxtex\debug\directxtextga.obj
c:\users\sekikazu\documents\visual studio 2017\projects\modelviewer\temp\directxtex\debug\directxtexresize.obj
c:\users\sekikazu\documents\visual studio 2017\projects\modelviewer\temp\directxtex\debug\directxtexpmalpha.obj
c:\users\sekikazu\documents\visual studio 2017\projects\modelviewer\temp\directxtex\debug\directxtexnormalmaps.obj
c:\users\sekikazu\documents\visual studio 2017\projects\modelviewer\temp\directxtex\debug\directxtexmisc.obj
c:\users\sekikazu\documents\visual studio 2017\projects\modelviewer\temp\directxtex\debug\directxtexmipmaps.obj
c:\users\sekikazu\documents\visual studio 2017\projects\modelviewer\temp\directxtex\debug\directxteximage.obj
c:\users\sekikazu\documents\visual studio 2017\projects\modelviewer\temp\directxtex\debug\directxtexhdr.obj
c:\users\sekikazu\documents\visual studio 2017\projects\modelviewer\temp\directxtex\debug\directxtexfliprotate.obj
c:\users\sekikazu\documents\visual studio 2017\projects\modelviewer\temp\directxtex\debug\directxtexdds.obj
c:\users\sekikazu\documents\visual studio 2017\projects\modelviewer\temp\directxtex\debug\directxtexd3d11.obj
c:\users\sekikazu\documents\visual studio 2017\projects\modelviewer\temp\directxtex\debug\directxtexconvert.obj
c:\users\sekikazu\documents\visual studio 2017\projects\modelviewer\temp\directxtex\debug\directxtexcompressgpu.obj
c:\users\sekikazu\documents\visual studio 2017\projects\modelviewer\temp\directxtex\debug\directxtexcompress.obj
c:\users\sekikazu\documents\visual studio 2017\projects\modelviewer\temp\directxtex\debug\bcdirectcompute.obj
c:\users\sekikazu\documents\visual studio 2017\projects\modelviewer\temp\directxtex\debug\bc6hbc7.obj
c:\users\sekikazu\documents\visual studio 2017\projects\modelviewer\temp\directxtex\debug\bc4bc5.obj
c:\users\sekikazu\documents\visual studio 2017\projects\modelviewer\temp\directxtex\debug\bc.obj
c:\users\sekikazu\documents\visual studio 2017\projects\modelviewer\libs\lib\debug\directxtex.lib
c:\users\sekikazu\documents\visual studio 2017\projects\modelviewer\libs\directxtex\..\lib\debug\directxtex.lib
c:\users\sekikazu\documents\visual studio 2017\projects\modelviewer\temp\directxtex\debug\directxtex.tlog\cl.command.1.tlog
c:\users\sekikazu\documents\visual studio 2017\projects\modelviewer\temp\directxtex\debug\directxtex.tlog\cl.read.1.tlog
c:\users\sekikazu\documents\visual studio 2017\projects\modelviewer\temp\directxtex\debug\directxtex.tlog\cl.write.1.tlog
c:\users\sekikazu\documents\visual studio 2017\projects\modelviewer\temp\directxtex\debug\directxtex.tlog\lib-link.read.1.tlog
c:\users\sekikazu\documents\visual studio 2017\projects\modelviewer\temp\directxtex\debug\directxtex.tlog\lib-link.write.1.tlog
c:\users\sekikazu\documents\visual studio 2017\projects\modelviewer\temp\directxtex\debug\directxtex.tlog\lib.command.1.tlog
