c:\users\sekikazu\documents\visual studio 2017\projects\modelviewer\libs\directxtex\bin\desktop_2017\win32\debug\directxtex.pch
c:\users\sekikazu\documents\visual studio 2017\projects\modelviewer\libs\directxtex\bin\desktop_2017\win32\debug\directxtex.pdb
c:\users\sekikazu\documents\visual studio 2017\projects\modelviewer\libs\directxtex\bin\desktop_2017\win32\debug\directxtexutil.obj
c:\users\sekikazu\documents\visual studio 2017\projects\modelviewer\libs\directxtex\bin\desktop_2017\win32\debug\directxtexwic.obj
c:\users\sekikazu\documents\visual studio 2017\projects\modelviewer\libs\directxtex\bin\desktop_2017\win32\debug\directxtextga.obj
c:\users\sekikazu\documents\visual studio 2017\projects\modelviewer\libs\directxtex\bin\desktop_2017\win32\debug\directxtexresize.obj
c:\users\sekikazu\documents\visual studio 2017\projects\modelviewer\libs\directxtex\bin\desktop_2017\win32\debug\directxtexpmalpha.obj
c:\users\sekikazu\documents\visual studio 2017\projects\modelviewer\libs\directxtex\bin\desktop_2017\win32\debug\directxtexnormalmaps.obj
c:\users\sekikazu\documents\visual studio 2017\projects\modelviewer\libs\directxtex\bin\desktop_2017\win32\debug\directxtexmisc.obj
c:\users\sekikazu\documents\visual studio 2017\projects\modelviewer\libs\directxtex\bin\desktop_2017\win32\debug\directxtexmipmaps.obj
c:\users\sekikazu\documents\visual studio 2017\projects\modelviewer\libs\directxtex\bin\desktop_2017\win32\debug\directxteximage.obj
c:\users\sekikazu\documents\visual studio 2017\projects\modelviewer\libs\directxtex\bin\desktop_2017\win32\debug\directxtexhdr.obj
c:\users\sekikazu\documents\visual studio 2017\projects\modelviewer\libs\directxtex\bin\desktop_2017\win32\debug\directxtexfliprotate.obj
c:\users\sekikazu\documents\visual studio 2017\projects\modelviewer\libs\directxtex\bin\desktop_2017\win32\debug\directxtexdds.obj
c:\users\sekikazu\documents\visual studio 2017\projects\modelviewer\libs\directxtex\bin\desktop_2017\win32\debug\directxtexd3d11.obj
c:\users\sekikazu\documents\visual studio 2017\projects\modelviewer\libs\directxtex\bin\desktop_2017\win32\debug\directxtexconvert.obj
c:\users\sekikazu\documents\visual studio 2017\projects\modelviewer\libs\directxtex\bin\desktop_2017\win32\debug\directxtexcompressgpu.obj
c:\users\sekikazu\documents\visual studio 2017\projects\modelviewer\libs\directxtex\bin\desktop_2017\win32\debug\directxtexcompress.obj
c:\users\sekikazu\documents\visual studio 2017\projects\modelviewer\libs\directxtex\bin\desktop_2017\win32\debug\bcdirectcompute.obj
c:\users\sekikazu\documents\visual studio 2017\projects\modelviewer\libs\directxtex\bin\desktop_2017\win32\debug\bc6hbc7.obj
c:\users\sekikazu\documents\visual studio 2017\projects\modelviewer\libs\directxtex\bin\desktop_2017\win32\debug\bc4bc5.obj
c:\users\sekikazu\documents\visual studio 2017\projects\modelviewer\libs\directxtex\bin\desktop_2017\win32\debug\bc.obj
c:\users\sekikazu\documents\visual studio 2017\projects\modelviewer\libs\directxtex\lib\dx11\debug\directxtex.lib
c:\users\sekikazu\documents\visual studio 2017\projects\modelviewer\libs\directxtex\bin\desktop_2017\win32\debug\directxtex.tlog\cl.command.1.tlog
c:\users\sekikazu\documents\visual studio 2017\projects\modelviewer\libs\directxtex\bin\desktop_2017\win32\debug\directxtex.tlog\cl.read.1.tlog
c:\users\sekikazu\documents\visual studio 2017\projects\modelviewer\libs\directxtex\bin\desktop_2017\win32\debug\directxtex.tlog\cl.write.1.tlog
c:\users\sekikazu\documents\visual studio 2017\projects\modelviewer\libs\directxtex\bin\desktop_2017\win32\debug\directxtex.tlog\lib-link.read.1.tlog
c:\users\sekikazu\documents\visual studio 2017\projects\modelviewer\libs\directxtex\bin\desktop_2017\win32\debug\directxtex.tlog\lib-link.write.1.tlog
c:\users\sekikazu\documents\visual studio 2017\projects\modelviewer\libs\directxtex\bin\desktop_2017\win32\debug\directxtex.tlog\lib.command.1.tlog
