cl : コマンド ライン warning D9002: 不明なオプション '/Zc:twoPhase-' を無視します。
cl : コマンド ライン warning D9002: 不明なオプション '/Zc:__cplusplus' を無視します。
  DirectXTexUtil.cpp
cl : コマンド ライン warning D9002: 不明なオプション '/Zc:twoPhase-' を無視します。
cl : コマンド ライン warning D9002: 不明なオプション '/Zc:__cplusplus' を無視します。
  BC.cpp
  BC4BC5.cpp
  BC6HBC7.cpp
  BCDirectCompute.cpp
  DirectXTexCompress.cpp
  DirectXTexCompressGPU.cpp
  DirectXTexConvert.cpp
  DirectXTexD3D11.cpp
  DirectXTexDDS.cpp
  DirectXTexFlipRotate.cpp
  DirectXTexHDR.cpp
  DirectXTexImage.cpp
  DirectXTexMipMaps.cpp
  DirectXTexMisc.cpp
  DirectXTexNormalMaps.cpp
  DirectXTexPMAlpha.cpp
  DirectXTexResize.cpp
  DirectXTexTGA.cpp
  DirectXTexWIC.cpp
  コードを生成中...
  DirectXTex_Desktop_2017.vcxproj -> C:\Users\SEKIKAZU\Documents\Visual Studio 2017\Projects\ModelViewer\Libs\DirectXTex\lib\Dx11\Debug\DirectXTex.lib
