c:\users\sekikazu\documents\visual studio 2017\projects\modelviewer\temp\directxtk\debug\directxtk.pch
c:\users\sekikazu\documents\visual studio 2017\projects\modelviewer\temp\directxtk\debug\directxtk.pdb
c:\users\sekikazu\documents\visual studio 2017\projects\modelviewer\temp\directxtk\debug\directxtk.idb
c:\users\sekikazu\documents\visual studio 2017\projects\modelviewer\temp\directxtk\debug\pch.obj
c:\users\sekikazu\documents\visual studio 2017\projects\modelviewer\temp\directxtk\debug\geometricprimitive.obj
c:\users\sekikazu\documents\visual studio 2017\projects\modelviewer\temp\directxtk\debug\geometry.obj
c:\users\sekikazu\documents\visual studio 2017\projects\modelviewer\temp\directxtk\debug\graphicsmemory.obj
c:\users\sekikazu\documents\visual studio 2017\projects\modelviewer\temp\directxtk\debug\keyboard.obj
c:\users\sekikazu\documents\visual studio 2017\projects\modelviewer\temp\directxtk\debug\model.obj
c:\users\sekikazu\documents\visual studio 2017\projects\modelviewer\temp\directxtk\debug\modelloadcmo.obj
c:\users\sekikazu\documents\visual studio 2017\projects\modelviewer\temp\directxtk\debug\modelloadsdkmesh.obj
c:\users\sekikazu\documents\visual studio 2017\projects\modelviewer\temp\directxtk\debug\modelloadvbo.obj
c:\users\sekikazu\documents\visual studio 2017\projects\modelviewer\temp\directxtk\debug\mouse.obj
c:\users\sekikazu\documents\visual studio 2017\projects\modelviewer\temp\directxtk\debug\normalmapeffect.obj
c:\users\sekikazu\documents\visual studio 2017\projects\modelviewer\temp\directxtk\debug\pbreffect.obj
c:\users\sekikazu\documents\visual studio 2017\projects\modelviewer\temp\directxtk\debug\screengrab.obj
c:\users\sekikazu\documents\visual studio 2017\projects\modelviewer\temp\directxtk\debug\simplemath.obj
c:\users\sekikazu\documents\visual studio 2017\projects\modelviewer\temp\directxtk\debug\skinnedeffect.obj
c:\users\sekikazu\documents\visual studio 2017\projects\modelviewer\temp\directxtk\debug\spritebatch.obj
c:\users\sekikazu\documents\visual studio 2017\projects\modelviewer\temp\directxtk\debug\primitivebatch.obj
c:\users\sekikazu\documents\visual studio 2017\projects\modelviewer\temp\directxtk\debug\spritefont.obj
c:\users\sekikazu\documents\visual studio 2017\projects\modelviewer\temp\directxtk\debug\tonemappostprocess.obj
c:\users\sekikazu\documents\visual studio 2017\projects\modelviewer\temp\directxtk\debug\vertextypes.obj
c:\users\sekikazu\documents\visual studio 2017\projects\modelviewer\temp\directxtk\debug\wictextureloader.obj
c:\users\sekikazu\documents\visual studio 2017\projects\modelviewer\temp\directxtk\debug\alphatesteffect.obj
c:\users\sekikazu\documents\visual studio 2017\projects\modelviewer\temp\directxtk\debug\basiceffect.obj
c:\users\sekikazu\documents\visual studio 2017\projects\modelviewer\temp\directxtk\debug\basicpostprocess.obj
c:\users\sekikazu\documents\visual studio 2017\projects\modelviewer\temp\directxtk\debug\commonstates.obj
c:\users\sekikazu\documents\visual studio 2017\projects\modelviewer\temp\directxtk\debug\ddstextureloader.obj
c:\users\sekikazu\documents\visual studio 2017\projects\modelviewer\temp\directxtk\debug\debugeffect.obj
c:\users\sekikazu\documents\visual studio 2017\projects\modelviewer\temp\directxtk\debug\dgsleffect.obj
c:\users\sekikazu\documents\visual studio 2017\projects\modelviewer\temp\directxtk\debug\dgsleffectfactory.obj
c:\users\sekikazu\documents\visual studio 2017\projects\modelviewer\temp\directxtk\debug\dualpostprocess.obj
c:\users\sekikazu\documents\visual studio 2017\projects\modelviewer\temp\directxtk\debug\dualtextureeffect.obj
c:\users\sekikazu\documents\visual studio 2017\projects\modelviewer\temp\directxtk\debug\binaryreader.obj
c:\users\sekikazu\documents\visual studio 2017\projects\modelviewer\temp\directxtk\debug\effectcommon.obj
c:\users\sekikazu\documents\visual studio 2017\projects\modelviewer\temp\directxtk\debug\effectfactory.obj
c:\users\sekikazu\documents\visual studio 2017\projects\modelviewer\temp\directxtk\debug\environmentmapeffect.obj
c:\users\sekikazu\documents\visual studio 2017\projects\modelviewer\temp\directxtk\debug\gamepad.obj
c:\users\sekikazu\documents\visual studio 2017\projects\modelviewer\libs\lib\debug\directxtk.lib
c:\users\sekikazu\documents\visual studio 2017\projects\modelviewer\libs\directxtk\..\lib\debug\directxtk.lib
c:\users\sekikazu\documents\visual studio 2017\projects\modelviewer\temp\directxtk\debug\directxt.e0b52ae7.tlog\cl.command.1.tlog
c:\users\sekikazu\documents\visual studio 2017\projects\modelviewer\temp\directxtk\debug\directxt.e0b52ae7.tlog\cl.read.1.tlog
c:\users\sekikazu\documents\visual studio 2017\projects\modelviewer\temp\directxtk\debug\directxt.e0b52ae7.tlog\cl.write.1.tlog
c:\users\sekikazu\documents\visual studio 2017\projects\modelviewer\temp\directxtk\debug\directxt.e0b52ae7.tlog\lib-link.read.1.tlog
c:\users\sekikazu\documents\visual studio 2017\projects\modelviewer\temp\directxtk\debug\directxt.e0b52ae7.tlog\lib-link.write.1.tlog
c:\users\sekikazu\documents\visual studio 2017\projects\modelviewer\temp\directxtk\debug\directxt.e0b52ae7.tlog\lib.command.1.tlog
